#
# A fatal error has been detected by the Java Runtime Environment:
#
#  EXCEPTION_ACCESS_VIOLATION (0xc0000005) at pc=0x586e901a, pid=6212, tid=7824
#
# JRE version: Java(TM) SE Runtime Environment (8.0_11-b12) (build 1.8.0_11-b12)
# Java VM: Java HotSpot(TM) Client VM (25.11-b03 mixed mode windows-x86 )
# Problematic frame:
# C  [GooglePinyin2.ime+0x9901a]
#
# Failed to write core dump. Minidumps are not enabled by default on client versions of Windows
#
# If you would like to submit a bug report, please visit:
#   http://bugreport.sun.com/bugreport/crash.jsp
# The crash happened outside the Java Virtual Machine in native code.
# See problematic frame for where to report the bug.
#

---------------  T H R E A D  ---------------

Current thread (0x0538d400):  JavaThread "AWT-Windows" daemon [_thread_in_native, id=7824, stack(0x057f0000,0x05840000)]

siginfo: ExceptionCode=0xc0000005, reading address 0x00000004

Registers:
EAX=0x0d9d6390, EBX=0x00000002, ECX=0x00000002, EDX=0x00000000
ESP=0x0583f2c8, EBP=0x0583f30c, ESI=0x0d9d6390, EDI=0x0a101638
EIP=0x586e901a, EFLAGS=0x00010246

Top of Stack: (sp=0x0583f2c8)
0x0583f2c8:   00000002 00000001 0d9d6390 00000002
0x0583f2d8:   586e65a3 00050668 0d9d6390 00000111
0x0583f2e8:   00000002 00050668 586e6ba2 0d9d6390
0x0583f2f8:   0583f30c 00000000 00000001 0583f338
0x0583f308:   00000111 00000000 772175b3 00050668
0x0583f318:   00000111 00000002 00050668 00000001
0x0583f328:   dcbaabcd 00000111 00000000 00000001
0x0583f338:   0583f3b8 772177b8 586e6b50 00050668 

Instructions: (pc=0x586e901a)
0x586e8ffa:   c4 0c c3 83 c8 ff 83 c4 0c c3 cc cc cc cc cc cc
0x586e900a:   cc cc cc cc cc cc 51 56 57 8b 78 04 8b 57 50 51
0x586e901a:   8b 4a 04 e8 ce 9d ff ff 85 c0 74 32 8b 70 1c 85
0x586e902a:   f6 74 2b 83 78 14 10 72 02 8b 00 8b c8 e8 94 a3 


Register to memory mapping:

EAX=0x0d9d6390 is an unknown value
EBX=0x00000002 is an unknown value
ECX=0x00000002 is an unknown value
EDX=0x00000000 is an unknown value
ESP=0x0583f2c8 is pointing into the stack for thread: 0x0538d400
EBP=0x0583f30c is pointing into the stack for thread: 0x0538d400
ESI=0x0d9d6390 is an unknown value
EDI=0x0a101638 is an unknown value


Stack: [0x057f0000,0x05840000],  sp=0x0583f2c8,  free space=316k
Native frames: (J=compiled Java code, j=interpreted, Vv=VM code, C=native code)
C  [GooglePinyin2.ime+0x9901a]

Java frames: (J=compiled Java code, j=interpreted, Vv=VM code)
j  sun.awt.windows.WToolkit.eventLoop()V+0
j  sun.awt.windows.WToolkit.run()V+58
j  java.lang.Thread.run()V+11
v  ~StubRoutines::call_stub

---------------  P R O C E S S  ---------------

Java Threads: ( => current thread )
  0x08854000 JavaThread "Thread-1" daemon [_thread_in_native, id=5556, stack(0x05be0000,0x05c30000)]
  0x08853000 JavaThread "SIGTERM handler" daemon [_thread_blocked, id=3368, stack(0x05b90000,0x05be0000)]
  0x08856800 JavaThread "pool-6-thread-1" [_thread_blocked, id=5908, stack(0x0dfd0000,0x0e020000)]
  0x08852800 JavaThread "TimerForAutomaticSaving(Sat Oct 25 22:22:34 EDT 2014)" [_thread_blocked, id=7964, stack(0x0a1d0000,0x0a220000)]
  0x08856000 JavaThread "SwingWorker-pool-3-thread-10" daemon [_thread_blocked, id=2088, stack(0x09b10000,0x09b60000)]
  0x08854800 JavaThread "DestroyJavaVM" [_thread_blocked, id=7548, stack(0x010a0000,0x010f0000)]
  0x08852400 JavaThread "SwingWorker-pool-3-thread-9" daemon [_thread_blocked, id=7244, stack(0x09ac0000,0x09b10000)]
  0x08855400 JavaThread "SwingWorker-pool-3-thread-8" daemon [_thread_blocked, id=7896, stack(0x09a70000,0x09ac0000)]
  0x08855c00 JavaThread "Docear-EventQueue" [_thread_blocked, id=7536, stack(0x08540000,0x08590000)]
  0x06c2c000 JavaThread "Timer-0" [_thread_blocked, id=6260, stack(0x08160000,0x081b0000)]
  0x06c2cc00 JavaThread "Thread-10" [_thread_blocked, id=7256, stack(0x08300000,0x08350000)]
  0x06c2d000 JavaThread "SwingWorker-pool-3-thread-7" daemon [_thread_blocked, id=7156, stack(0x084e0000,0x08530000)]
  0x06c2c400 JavaThread "MultiThreadedHttpConnectionManager cleanup" daemon [_thread_blocked, id=8132, stack(0x081b0000,0x08200000)]
  0x06c2e000 JavaThread "Docear Service Upload-Packer-Thread" [_thread_blocked, id=6680, stack(0x08110000,0x08160000)]
  0x06c2d800 JavaThread "Docear Upload-Thread" [_thread_blocked, id=7216, stack(0x080c0000,0x08110000)]
  0x06c2b800 JavaThread "SwingWorker-pool-3-thread-6" daemon [_thread_blocked, id=7048, stack(0x08070000,0x080c0000)]
  0x06c2ec00 JavaThread "SwingWorker-pool-3-thread-5" daemon [_thread_blocked, id=7032, stack(0x08020000,0x08070000)]
  0x06c2e400 JavaThread "SwingWorker-pool-3-thread-4" daemon [_thread_blocked, id=1840, stack(0x077c0000,0x07810000)]
  0x06c2b400 JavaThread "SwingWorker-pool-3-thread-3" daemon [_thread_blocked, id=5844, stack(0x07770000,0x077c0000)]
  0x0527fc00 JavaThread "SwingWorker-pool-3-thread-2" daemon [_thread_blocked, id=4088, stack(0x07620000,0x07670000)]
  0x06a9e400 JavaThread "TimerQueue" daemon [_thread_blocked, id=7944, stack(0x075d0000,0x07620000)]
  0x06993000 JavaThread "SwingWorker-pool-3-thread-1" daemon [_thread_blocked, id=6852, stack(0x07580000,0x075d0000)]
  0x0691f400 JavaThread "KeyTipManager processing thread" daemon [_thread_blocked, id=7748, stack(0x07180000,0x071d0000)]
  0x053df000 JavaThread "AWT-EventQueue-0" [_thread_blocked, id=6164, stack(0x061a0000,0x061f0000)]
=>0x0538d400 JavaThread "AWT-Windows" daemon [_thread_in_native, id=7824, stack(0x057f0000,0x05840000)]
  0x0538c800 JavaThread "AWT-Shutdown" [_thread_blocked, id=7400, stack(0x057a0000,0x057f0000)]
  0x0538b800 JavaThread "Java2D Disposer" daemon [_thread_blocked, id=5536, stack(0x05750000,0x057a0000)]
  0x04fe5800 JavaThread "startlevel job thread" [_thread_blocked, id=7040, stack(0x05600000,0x05650000)]
  0x04e83400 JavaThread "Service Thread" daemon [_thread_blocked, id=6880, stack(0x05160000,0x051b0000)]
  0x04e59800 JavaThread "C1 CompilerThread0" daemon [_thread_blocked, id=6640, stack(0x05110000,0x05160000)]
  0x04e56400 JavaThread "Attach Listener" daemon [_thread_blocked, id=5224, stack(0x050c0000,0x05110000)]
  0x04e28800 JavaThread "Signal Dispatcher" daemon [_thread_blocked, id=4896, stack(0x05070000,0x050c0000)]
  0x04e04c00 JavaThread "Finalizer" daemon [_thread_blocked, id=7920, stack(0x05000000,0x05050000)]
  0x028ad800 JavaThread "Reference Handler" daemon [_thread_blocked, id=6968, stack(0x02940000,0x02990000)]

Other Threads:
  0x028a9c00 VMThread [stack: 0x02360000,0x023b0000] [id=7176]
  0x04e87400 WatcherThread [stack: 0x051b0000,0x05200000] [id=6892]

VM state:not at safepoint (normal execution)

VM Mutex/Monitor currently owned by a thread: None

Heap:
 def new generation   total 28864K, used 3025K [0x0f200000, 0x11150000, 0x14750000)
  eden space 25664K,  11% used [0x0f200000, 0x0f4f4458, 0x10b10000)
  from space 3200K,   0% used [0x10b10000, 0x10b10000, 0x10e30000)
  to   space 3200K,   0% used [0x10e30000, 0x10e30000, 0x11150000)
 tenured generation   total 63988K, used 38391K [0x14750000, 0x185cd000, 0x1f200000)
   the space 63988K,  59% used [0x14750000, 0x16ccdfa8, 0x16cce000, 0x185cd000)
 Metaspace       used 26252K, capacity 26589K, committed 26752K, reserved 27008K

Card table byte_map: [0x028b0000,0x02940000] byte_map_base: 0x02837000

Polling page: 0x01210000

CodeCache: size=32768Kb used=5634Kb max_used=5741Kb free=27133Kb
 bounds [0x029a0000, 0x02f40000, 0x049a0000]
 total_blobs=3432 nmethods=3138 adapters=223
 compilation: enabled

Compilation events (10 events):
Event: 2946.696 Thread 0x04e59800 3179             java.lang.Exception::<init> (5 bytes)
Event: 2946.696 Thread 0x04e59800 nmethod 3179 0x02ade9c8 code [0x02adead0, 0x02adebac]
Event: 3010.712 Thread 0x04e59800 3180  s          java.util.Vector::firstElement (21 bytes)
Event: 3010.712 Thread 0x04e59800 nmethod 3180 0x02ade508 code [0x02ade610, 0x02ade86c]
Event: 3020.713 Thread 0x04e59800 3181  s!         org.knopflerfish.framework.Queue::removeWait (70 bytes)
Event: 3020.713 Thread 0x04e59800 nmethod 3181 0x02add848 code [0x02add9c0, 0x02ade09c]
Event: 3024.714 Thread 0x04e59800 3182             java.util.NoSuchElementException::<init> (5 bytes)
Event: 3024.714 Thread 0x04e59800 nmethod 3182 0x02add648 code [0x02add740, 0x02add7cc]
Event: 3923.747 Thread 0x04e59800 3183             java.util.prefs.WindowsPreferences::windowsAbsolutePath (85 bytes)
Event: 3923.748 Thread 0x04e59800 nmethod 3183 0x02adc4c8 code [0x02adc670, 0x02adcec8]

GC Heap History (10 events):
Event: 26.985 GC heap before
{Heap before GC invocations=52 (full 8):
 def new generation   total 19456K, used 18918K [0x0f200000, 0x10710000, 0x14750000)
  eden space 17344K, 100% used [0x0f200000, 0x102f0000, 0x102f0000)
  from space 2112K,  74% used [0x102f0000, 0x10479848, 0x10500000)
  to   space 2112K,   0% used [0x10500000, 0x10500000, 0x10710000)
 tenured generation   total 43008K, used 27225K [0x14750000, 0x17150000, 0x1f200000)
   the space 43008K,  63% used [0x14750000, 0x161e6678, 0x161e6800, 0x17150000)
 Metaspace       used 25413K, capacity 25752K, committed 25984K, reserved 25984K
Event: 26.995 GC heap after
Heap after GC invocations=53 (full 8):
 def new generation   total 19456K, used 2112K [0x0f200000, 0x10710000, 0x14750000)
  eden space 17344K,   0% used [0x0f200000, 0x0f200000, 0x102f0000)
  from space 2112K, 100% used [0x10500000, 0x10710000, 0x10710000)
  to   space 2112K,   0% used [0x102f0000, 0x102f0000, 0x10500000)
 tenured generation   total 43008K, used 29416K [0x14750000, 0x17150000, 0x1f200000)
   the space 43008K,  68% used [0x14750000, 0x1640a050, 0x1640a200, 0x17150000)
 Metaspace       used 25413K, capacity 25752K, committed 25984K, reserved 25984K
}
Event: 27.322 GC heap before
{Heap before GC invocations=53 (full 8):
 def new generation   total 19456K, used 19456K [0x0f200000, 0x10710000, 0x14750000)
  eden space 17344K, 100% used [0x0f200000, 0x102f0000, 0x102f0000)
  from space 2112K, 100% used [0x10500000, 0x10710000, 0x10710000)
  to   space 2112K,   0% used [0x102f0000, 0x102f0000, 0x10500000)
 tenured generation   total 43008K, used 29416K [0x14750000, 0x17150000, 0x1f200000)
   the space 43008K,  68% used [0x14750000, 0x1640a050, 0x1640a200, 0x17150000)
 Metaspace       used 25437K, capacity 25787K, committed 25984K, reserved 25984K
Event: 27.335 GC heap after
Heap after GC invocations=54 (full 8):
 def new generation   total 19456K, used 2112K [0x0f200000, 0x10710000, 0x14750000)
  eden space 17344K,   0% used [0x0f200000, 0x0f200000, 0x102f0000)
  from space 2112K, 100% used [0x102f0000, 0x10500000, 0x10500000)
  to   space 2112K,   0% used [0x10500000, 0x10500000, 0x10710000)
 tenured generation   total 43008K, used 32231K [0x14750000, 0x17150000, 0x1f200000)
   the space 43008K,  74% used [0x14750000, 0x166c9e08, 0x166ca000, 0x17150000)
 Metaspace       used 25437K, capacity 25787K, committed 25984K, reserved 25984K
}
Event: 28.443 GC heap before
{Heap before GC invocations=54 (full 8):
 def new generation   total 19456K, used 19456K [0x0f200000, 0x10710000, 0x14750000)
  eden space 17344K, 100% used [0x0f200000, 0x102f0000, 0x102f0000)
  from space 2112K, 100% used [0x102f0000, 0x10500000, 0x10500000)
  to   space 2112K,   0% used [0x10500000, 0x10500000, 0x10710000)
 tenured generation   total 43008K, used 32231K [0x14750000, 0x17150000, 0x1f200000)
   the space 43008K,  74% used [0x14750000, 0x166c9e08, 0x166ca000, 0x17150000)
 Metaspace       used 25577K, capacity 25915K, committed 26112K, reserved 27008K
Event: 28.456 GC heap after
Heap after GC invocations=55 (full 8):
 def new generation   total 19456K, used 2112K [0x0f200000, 0x10710000, 0x14750000)
  eden space 17344K,   0% used [0x0f200000, 0x0f200000, 0x102f0000)
  from space 2112K, 100% used [0x10500000, 0x10710000, 0x10710000)
  to   space 2112K,   0% used [0x102f0000, 0x102f0000, 0x10500000)
 tenured generation   total 43008K, used 34849K [0x14750000, 0x17150000, 0x1f200000)
   the space 43008K,  81% used [0x14750000, 0x169586b0, 0x16958800, 0x17150000)
 Metaspace       used 25577K, capacity 25915K, committed 26112K, reserved 27008K
}
Event: 31.262 GC heap before
{Heap before GC invocations=55 (full 8):
 def new generation   total 19456K, used 18827K [0x0f200000, 0x10710000, 0x14750000)
  eden space 17344K,  96% used [0x0f200000, 0x10252ef0, 0x102f0000)
  from space 2112K, 100% used [0x10500000, 0x10710000, 0x10710000)
  to   space 2112K,   0% used [0x102f0000, 0x102f0000, 0x10500000)
 tenured generation   total 43008K, used 34849K [0x14750000, 0x17150000, 0x1f200000)
   the space 43008K,  81% used [0x14750000, 0x169586b0, 0x16958800, 0x17150000)
 Metaspace       used 26046K, capacity 26363K, committed 26496K, reserved 27008K
Event: 31.276 GC heap after
Heap after GC invocations=56 (full 8):
 def new generation   total 19456K, used 1300K [0x0f200000, 0x10710000, 0x14750000)
  eden space 17344K,   0% used [0x0f200000, 0x0f200000, 0x102f0000)
  from space 2112K,  61% used [0x102f0000, 0x10435040, 0x10500000)
  to   space 2112K,   0% used [0x10500000, 0x10500000, 0x10710000)
 tenured generation   total 43008K, used 40757K [0x14750000, 0x17150000, 0x1f200000)
   the space 43008K,  94% used [0x14750000, 0x16f1d470, 0x16f1d600, 0x17150000)
 Metaspace       used 26046K, capacity 26363K, committed 26496K, reserved 27008K
}
Event: 622.071 GC heap before
{Heap before GC invocations=56 (full 8):
 def new generation   total 19456K, used 8487K [0x0f200000, 0x10710000, 0x14750000)
  eden space 17344K,  41% used [0x0f200000, 0x0f904f18, 0x102f0000)
  from space 2112K,  61% used [0x102f0000, 0x10435040, 0x10500000)
  to   space 2112K,   0% used [0x10500000, 0x10500000, 0x10710000)
 tenured generation   total 43008K, used 40757K [0x14750000, 0x17150000, 0x1f200000)
   the space 43008K,  94% used [0x14750000, 0x16f1d470, 0x16f1d600, 0x17150000)
 Metaspace       used 26245K, capacity 26589K, committed 26752K, reserved 27008K
Event: 622.151 GC heap after
Heap after GC invocations=57 (full 9):
 def new generation   total 28864K, used 0K [0x0f200000, 0x11150000, 0x14750000)
  eden space 25664K,   0% used [0x0f200000, 0x0f200000, 0x10b10000)
  from space 3200K,   0% used [0x10b10000, 0x10b10000, 0x10e30000)
  to   space 3200K,   0% used [0x10e30000, 0x10e30000, 0x11150000)
 tenured generation   total 63988K, used 38391K [0x14750000, 0x185cd000, 0x1f200000)
   the space 63988K,  59% used [0x14750000, 0x16ccdfa8, 0x16cce000, 0x185cd000)
 Metaspace       used 26245K, capacity 26589K, committed 26752K, reserved 27008K
}

Deoptimization events (0 events):
No events

Internal exceptions (10 events):
Event: 3022.166 Thread 0x06c2d800 Exception <a 'java/io/IOException'> (0x0f3aaf28) thrown at [D:\re\puppet\workspace\8-2-build-windows-i586-cygwin\jdk8u11\648\hotspot\src\share\vm\prims\jni.cpp, line 716]
Event: 3022.166 Thread 0x06c2d800 Exception <a 'java/lang/ArrayIndexOutOfBoundsException': 1> (0x0f3ab8e8) thrown at [D:\re\puppet\workspace\8-2-build-windows-i586-cygwin\jdk8u11\648\hotspot\src\share\vm\interpreter\interpreterRuntime.cpp, line 337]
Event: 3022.167 Thread 0x06c2d800 Exception <a 'java/io/IOException'> (0x0f3b1a58) thrown at [D:\re\puppet\workspace\8-2-build-windows-i586-cygwin\jdk8u11\648\hotspot\src\share\vm\prims\jni.cpp, line 716]
Event: 3022.167 Thread 0x06c2d800 Exception <a 'java/io/IOException'> (0x0f3b1c78) thrown at [D:\re\puppet\workspace\8-2-build-windows-i586-cygwin\jdk8u11\648\hotspot\src\share\vm\prims\jni.cpp, line 716]
Event: 3622.167 Thread 0x06c2d800 Exception <a 'java/io/IOException'> (0x0f3d69f0) thrown at [D:\re\puppet\workspace\8-2-build-windows-i586-cygwin\jdk8u11\648\hotspot\src\share\vm\prims\jni.cpp, line 716]
Event: 3622.168 Thread 0x06c2d800 Exception <a 'java/io/IOException'> (0x0f3d6c10) thrown at [D:\re\puppet\workspace\8-2-build-windows-i586-cygwin\jdk8u11\648\hotspot\src\share\vm\prims\jni.cpp, line 716]
Event: 3622.168 Thread 0x06c2d800 Exception <a 'java/lang/ArrayIndexOutOfBoundsException': 1> (0x0f3d75d0) thrown at [D:\re\puppet\workspace\8-2-build-windows-i586-cygwin\jdk8u11\648\hotspot\src\share\vm\interpreter\interpreterRuntime.cpp, line 337]
Event: 3622.168 Thread 0x06c2d800 Exception <a 'java/io/IOException'> (0x0f3dd750) thrown at [D:\re\puppet\workspace\8-2-build-windows-i586-cygwin\jdk8u11\648\hotspot\src\share\vm\prims\jni.cpp, line 716]
Event: 3622.168 Thread 0x06c2d800 Exception <a 'java/io/IOException'> (0x0f3dd970) thrown at [D:\re\puppet\workspace\8-2-build-windows-i586-cygwin\jdk8u11\648\hotspot\src\share\vm\prims\jni.cpp, line 716]
Event: 4052.144 Thread 0x08853c00 Exception <a 'java/io/IOException'> (0x0f4c05a8) thrown at [D:\re\puppet\workspace\8-2-build-windows-i586-cygwin\jdk8u11\648\hotspot\src\share\vm\prims\jni.cpp, line 716]

Events (10 events):
Event: 4052.142 loading class java/util/WeakHashMap$KeyIterator
Event: 4052.142 Thread 0x08853400 Thread exited: 0x08853400
Event: 4052.142 loading class sun/awt/shell/Win32ShellFolderManager2$ComInvoker$1$1 done
Event: 4052.142 Thread 0x08856c00 Thread exited: 0x08856c00
Event: 4052.142 loading class java/util/WeakHashMap$HashIterator
Event: 4052.143 loading class java/util/WeakHashMap$HashIterator done
Event: 4052.143 loading class java/util/WeakHashMap$KeyIterator done
Event: 4052.143 Thread 0x08855000 Thread exited: 0x08855000
Event: 4052.144 Thread 0x08853c00 Thread exited: 0x08853c00
Event: 4052.161 Thread 0x05461c00 Thread exited: 0x05461c00


Dynamic libraries:
0x012b0000 - 0x012e0000 	C:\Program Files\Java\jdk1.8.0_11\jre\bin\javaw.exe
0x779f0000 - 0x77b55000 	C:\Windows\SYSTEM32\ntdll.dll
0x757d0000 - 0x758c9000 	C:\Windows\system32\KERNEL32.DLL
0x753f0000 - 0x754c2000 	C:\Windows\system32\KERNELBASE.dll
0x740a0000 - 0x74139000 	C:\Windows\system32\apphelp.dll
0x558f0000 - 0x55b49000 	C:\Windows\AppPatch\AcGenral.DLL
0x75c30000 - 0x75cee000 	C:\Windows\system32\msvcrt.dll
0x778a0000 - 0x778de000 	C:\Windows\SYSTEM32\sechost.dll
0x74f40000 - 0x74f62000 	C:\Windows\SYSTEM32\SspiCli.dll
0x77000000 - 0x77041000 	C:\Windows\system32\SHLWAPI.dll
0x74180000 - 0x74261000 	C:\Windows\SYSTEM32\UxTheme.dll
0x77210000 - 0x7735b000 	C:\Windows\system32\USER32.dll
0x77100000 - 0x77209000 	C:\Windows\system32\GDI32.dll
0x751b0000 - 0x751d0000 	C:\Windows\system32\WINMM.dll
0x6e4c0000 - 0x6e4d2000 	C:\Windows\SYSTEM32\samcli.dll
0x756c0000 - 0x757cc000 	C:\Windows\system32\ole32.dll
0x755b0000 - 0x75637000 	C:\Windows\system32\OLEAUT32.dll
0x6d950000 - 0x6d965000 	C:\Windows\SYSTEM32\MSACM32.dll
0x74480000 - 0x74488000 	C:\Windows\SYSTEM32\VERSION.dll
0x75cf0000 - 0x76eb0000 	C:\Windows\system32\SHELL32.dll
0x748f0000 - 0x74909000 	C:\Windows\SYSTEM32\USERENV.dll
0x73ac0000 - 0x73ad8000 	C:\Windows\SYSTEM32\dwmapi.dll
0x6d750000 - 0x6d87c000 	C:\Windows\SYSTEM32\urlmon.dll
0x77970000 - 0x779e8000 	C:\Windows\system32\ADVAPI32.dll
0x70d10000 - 0x70d6e000 	C:\Windows\SYSTEM32\WINSPOOL.DRV
0x5f750000 - 0x5f764000 	C:\Windows\SYSTEM32\MPR.dll
0x774e0000 - 0x775a4000 	C:\Windows\system32\RPCRT4.dll
0x77750000 - 0x7789e000 	C:\Windows\SYSTEM32\combase.dll
0x75140000 - 0x75160000 	C:\Windows\system32\WINMMBASE.dll
0x750b0000 - 0x750be000 	C:\Windows\SYSTEM32\profapi.dll
0x6d530000 - 0x6d74b000 	C:\Windows\SYSTEM32\iertutil.dll
0x6d350000 - 0x6d512000 	C:\Windows\SYSTEM32\WININET.dll
0x75510000 - 0x7554a000 	C:\Windows\SYSTEM32\cfgmgr32.dll
0x75120000 - 0x7513f000 	C:\Windows\system32\DEVOBJ.dll
0x778f0000 - 0x77966000 	C:\Windows\system32\SHCORE.DLL
0x758e0000 - 0x75905000 	C:\Windows\system32\IMM32.DLL
0x77360000 - 0x77457000 	C:\Windows\system32\MSCTF.dll
0x75070000 - 0x7509c000 	C:\WINDOWS\system32\nvinit.dll
0x0f000000 - 0x0f006000 	C:\Program Files\NVIDIA Corporation\CoProcManager\_etoured.dll
0x737e0000 - 0x7380b000 	C:\Program Files\NVIDIA Corporation\CoProcManager\nvd3d9wrap.dll
0x75a80000 - 0x75c2d000 	C:\Windows\system32\SETUPAPI.dll
0x73770000 - 0x7378f000 	C:\Program Files\NVIDIA Corporation\CoProcManager\nvdxgiwrap.dll
0x738d0000 - 0x73ab6000 	C:\Windows\WinSxS\x86_microsoft.windows.common-controls_6595b64144ccf1df_6.0.9600.17031_none_a9efdb8b01377ea7\COMCTL32.dll
0x77f40000 - 0x77fff000 	C:\Program Files\Java\jdk1.8.0_11\jre\bin\msvcr100.dll
0x6cc80000 - 0x6d017000 	C:\Program Files\Java\jdk1.8.0_11\jre\bin\client\jvm.dll
0x6d940000 - 0x6d948000 	C:\Windows\SYSTEM32\WSOCK32.dll
0x778e0000 - 0x778e6000 	C:\Windows\system32\PSAPI.DLL
0x776f0000 - 0x7773d000 	C:\Windows\system32\WS2_32.dll
0x77740000 - 0x77747000 	C:\Windows\system32\NSI.dll
0x5faf0000 - 0x5fafc000 	C:\Program Files\Java\jdk1.8.0_11\jre\bin\verify.dll
0x5ca50000 - 0x5ca71000 	C:\Program Files\Java\jdk1.8.0_11\jre\bin\java.dll
0x5ce10000 - 0x5ce23000 	C:\Program Files\Java\jdk1.8.0_11\jre\bin\zip.dll
0x6c8c0000 - 0x6ca05000 	C:\Program Files\Java\jdk1.8.0_11\jre\bin\awt.dll
0x77c30000 - 0x77df3000 	D:\Program Files\360\360Safe\safemon\safemon.dll
0x70c40000 - 0x70c52000 	C:\Windows\SYSTEM32\NETAPI32.dll
0x745f0000 - 0x745fa000 	C:\Windows\SYSTEM32\netutils.dll
0x74dd0000 - 0x74deb000 	C:\Windows\SYSTEM32\srvcli.dll
0x70620000 - 0x70630000 	C:\Windows\SYSTEM32\wkscli.dll
0x742c0000 - 0x742c9000 	C:\Windows\SYSTEM32\kernel.appcore.dll
0x74fd0000 - 0x74fd9000 	C:\Windows\SYSTEM32\CRYPTBASE.dll
0x74f70000 - 0x74fc3000 	C:\Windows\SYSTEM32\bcryptPrimitives.dll
0x059a0000 - 0x05a2a000 	C:\Users\hefang\AppData\Roaming\TaobaoProtect\TaobaoProtectSE.dll
0x5b5f0000 - 0x5b604000 	C:\Program Files\Java\jdk1.8.0_11\jre\bin\net.dll
0x74ad0000 - 0x74b15000 	C:\Windows\system32\mswsock.dll
0x5f380000 - 0x5f38f000 	C:\Program Files\Java\jdk1.8.0_11\jre\bin\nio.dll
0x500c0000 - 0x500f9000 	C:\Program Files\Java\jdk1.8.0_11\jre\bin\fontmanager.dll
0x75360000 - 0x753e6000 	C:\Windows\WinSxS\x86_microsoft.windows.common-controls_6595b64144ccf1df_5.82.9600.16384_none_7c55c866aa0c3ff0\comctl32.dll
0x581f0000 - 0x58220000 	C:\Program Files\Java\jdk1.8.0_11\jre\bin\t2k.dll
0x75640000 - 0x756bd000 	C:\Windows\SYSTEM32\clbcatq.dll
0x6fb50000 - 0x6fc73000 	C:\Windows\SYSTEM32\PROPSYS.dll
0x5bab0000 - 0x5bc49000 	C:\Windows\system32\NetworkExplorer.dll
0x5d5f0000 - 0x5d5f9000 	C:\Windows\System32\drprov.dll
0x746a0000 - 0x746e2000 	C:\Windows\System32\WINSTA.dll
0x5cae0000 - 0x5caf1000 	C:\Windows\System32\ntlanman.dll
0x5b4a0000 - 0x5b4b9000 	C:\Windows\System32\davclnt.dll
0x5d050000 - 0x5d059000 	C:\Windows\System32\DAVHLPR.dll
0x69860000 - 0x6986d000 	C:\Windows\SYSTEM32\cscapi.dll
0x5cb20000 - 0x5cb86000 	C:\Windows\System32\dlnashext.dll
0x74b20000 - 0x74b38000 	C:\Windows\SYSTEM32\CRYPTSP.dll
0x747b0000 - 0x747df000 	C:\Windows\system32\rsaenh.dll
0x74cf0000 - 0x74d0f000 	C:\Windows\SYSTEM32\bcrypt.dll
0x60c70000 - 0x60c88000 	C:\Windows\System32\DevDispItemProvider.dll
0x70ef0000 - 0x7103d000 	C:\Windows\WinSxS\x86_microsoft.windows.gdiplus_6595b64144ccf1df_1.1.9600.17056_none_dadc5d1c5bc8ab48\gdiplus.dll
0x754d0000 - 0x75508000 	C:\Windows\system32\WINTRUST.dll
0x751e0000 - 0x7535f000 	C:\Windows\system32\CRYPT32.dll
0x75160000 - 0x7516e000 	C:\Windows\system32\MSASN1.dll
0x6b6c0000 - 0x6b6ca000 	C:\Windows\SYSTEM32\LINKINFO.dll
0x50090000 - 0x500c0000 	C:\Program Files\Java\jdk1.8.0_11\jre\bin\lcms.dll
0x734d0000 - 0x7361d000 	C:\Windows\SYSTEM32\WindowsCodecs.dll
0x703b0000 - 0x703ce000 	C:\Windows\SYSTEM32\IPHLPAPI.DLL
0x70360000 - 0x70368000 	C:\Windows\SYSTEM32\WINNSI.DLL
0x6f670000 - 0x6f682000 	C:\Windows\SYSTEM32\dhcpcsvc6.DLL
0x700b0000 - 0x700c3000 	C:\Windows\SYSTEM32\dhcpcsvc.DLL
0x5b2e0000 - 0x5b300000 	C:\Program Files\Java\jdk1.8.0_11\jre\bin\sunec.dll
0x70960000 - 0x70972000 	C:\Windows\system32\NLAapi.dll
0x74940000 - 0x749bc000 	C:\Windows\SYSTEM32\DNSAPI.dll
0x61dc0000 - 0x61dc9000 	C:\Windows\System32\winrnr.dll
0x61db0000 - 0x61dc0000 	C:\Windows\system32\napinsp.dll
0x61d90000 - 0x61da4000 	C:\Windows\system32\pnrpnsp.dll
0x6c330000 - 0x6c351000 	C:\Program Files\Bonjour\mdnsNSP.dll
0x08450000 - 0x08467000 	C:\Program Files\Common Files\Thunder Network\NetMon\net_monitor2.0.2.9.dll
0x7c3c0000 - 0x7c43c000 	C:\Windows\SYSTEM32\MSVCP71.dll
0x7c360000 - 0x7c3b6000 	C:\Windows\SYSTEM32\MSVCR71.dll
0x6c280000 - 0x6c287000 	C:\Windows\System32\rasadhlp.dll
0x6f7b0000 - 0x6f7f4000 	C:\Windows\System32\fwpuclnt.dll
0x08490000 - 0x084cd000 	C:\Users\hefang\AppData\Local\Temp\jna-hefang\jna8567262942218443861.dll
0x58650000 - 0x589aa000 	C:\Windows\SYSTEM32\GooglePinyin2.ime
0x75910000 - 0x75924000 	C:\Windows\system32\USP10.dll
0x72f50000 - 0x72f56000 	C:\Windows\SYSTEM32\MSIMG32.dll
0x09e90000 - 0x09fd8000 	C:\Windows\SYSTEM32\dbghelp.dll
0x583d0000 - 0x58642000 	C:\Windows\AppPatch\AcLayers.DLL
0x5dad0000 - 0x5dad3000 	C:\Windows\SYSTEM32\sfc.dll
0x684c0000 - 0x684cd000 	C:\Windows\SYSTEM32\sfc_os.DLL
0x70370000 - 0x70395000 	C:\Windows\SYSTEM32\ntmarta.dll
0x50010000 - 0x50034000 	C:\Program Files\Java\jdk1.8.0_11\jre\bin\dcpr.dll
0x58280000 - 0x583c5000 	C:\Windows\System32\msxml3.dll
0x72fd0000 - 0x73145000 	C:\Windows\SYSTEM32\DWrite.dll
0x77f10000 - 0x77f35000 	C:\Program Files\Java\jdk1.8.0_11\jre\bin\jpeg.dll

VM Arguments:
java_command: D:\MySoftware\Docear\freeplanelauncher.jar C:\GitHub\Learn\JavaHowToProgram\Java.mm
java_class_path (initial): D:\MySoftware\Docear\freeplanelauncher.jar
Launcher Type: SUN_STANDARD

Environment Variables:
JAVA_HOME=C:\Program Files\Java\jdk1.8.0_11
PATH=C:\Program Files\NVIDIA Corporation\PhysX\Common;C:\Program Files\Intel\iCLS Client\;C:\Program Files\Java\jdk1.8.0_11\bin;C:\Program Files\Common Files\Microsoft Shared\Windows Live;C:\WINDOWS\system32;C:\WINDOWS;C:\WINDOWS\System32\Wbem;C:\WINDOWS\System32\WindowsPowerShell\v1.0\;C:\Program Files\Windows Live\Shared;C:\Program Files\Intel\OpenCL SDK\2.0\bin\x86;C:\Program Files\Intel\Intel(R) Management Engine Components\DAL;C:\Program Files\Intel\Intel(R) Management Engine Components\IPT;D:\Program Files\Python274;d:\Program Files\Groovy\Groovy-2.1.6\bin;C:\apache-ant-1.9.2\bin;C:\WINDOWS\WebCallCtrl;C:\Program Files\Intel\WiFi\bin\;C:\Program Files\Common Files\Intel\WirelessCommon\;D:\MySoftware\WinSCP\;C:\Program Files\WinSCP\;C:\Program Files\Intel\WiFi\bin\;C:\Program Files\Common Files\Intel\WirelessCommon\;C:\Program Files\Java\jdk1.8.0_11\jre\bin
USERNAME=hefang
OS=Windows_NT
PROCESSOR_IDENTIFIER=x86 Family 6 Model 42 Stepping 7, GenuineIntel



---------------  S Y S T E M  ---------------

OS: Windows 8.1 Build 9600 

CPU:total 8 (4 cores per cpu, 2 threads per core) family 6 model 42 stepping 7, cmov, cx8, fxsr, mmx, sse, sse2, sse3, ssse3, sse4.1, sse4.2, popcnt, avx, aes, clmul, ht, tsc, tscinvbit

Memory: 4k page, physical 2570092k(342816k free), swap 3390044k(585916k free)

vm_info: Java HotSpot(TM) Client VM (25.11-b03) for windows-x86 JRE (1.8.0_11-b12), built on Jun 16 2014 18:18:58 by "java_re" with MS VC++ 10.0 (VS2010)

time: Sat Oct 25 23:29:37 2014
elapsed time: 4052 seconds

